生成启动时间为 2019/11/08 22:22:18。
     1>项目“C:\Users\Brian\Downloads\0_1284865312kT7Z\NtfsDesktopSearch\DesktopSearch.vcxproj”在节点 2 上(Build 个目标)。
     1>ClCompile:
         F:\Program Files (x86)\Microsoft Visual Studio 12.0\VC\bin\CL.exe /c /Zi /nologo /W3 /WX- /O2 /Oy- /GL /D WIN32 /D NDEBUG /D _WINDOWS /D _UNICODE /D UNICODE /Gm- /EHsc /MT /GS /fp:precise /Zc:wchar_t /Zc:forScope /Fo"Release\\" /Fd"Release\vc120.pdb" /Gd /TP /analyze- /errorReport:prompt BasicSearch.cpp DesktopSearch.cpp DirBasicInfoMap.cpp DirFilterList.cpp ExtArray.cpp FilterCtrl.cpp Index.cpp MemoryMgr.cpp MemoryPool.cpp NameSort.cpp ntfs.cpp
         BasicSearch.cpp
     1>BasicSearch.cpp(14): warning C4309: “初始化”: 截断常量值
         DesktopSearch.cpp
         DirBasicInfoMap.cpp
         DirFilterList.cpp
         ExtArray.cpp
         FilterCtrl.cpp
         Index.cpp
         MemoryMgr.cpp
         MemoryPool.cpp
         NameSort.cpp
         ntfs.cpp
       ResourceCompile:
         C:\Program Files (x86)\Windows Kits\8.1\bin\x86\rc.exe /D _UNICODE /D UNICODE /l"0x0409" /nologo /fo"Release\DesktopSearch.res" DesktopSearch.rc 
       Link:
         F:\Program Files (x86)\Microsoft Visual Studio 12.0\VC\bin\link.exe /ERRORREPORT:PROMPT /OUT:"C:\Users\Brian\Downloads\0_1284865312kT7Z\NtfsDesktopSearch\Release\DesktopSearch.exe" /INCREMENTAL:NO /NOLOGO kernel32.lib user32.lib gdi32.lib winspool.lib comdlg32.lib advapi32.lib shell32.lib ole32.lib oleaut32.lib uuid.lib odbc32.lib odbccp32.lib /MANIFEST /MANIFESTUAC:"level='asInvoker' uiAccess='false'" /manifest:embed /DEBUG /PDB:"C:\Users\Brian\Downloads\0_1284865312kT7Z\NtfsDesktopSearch\Release\DesktopSearch.pdb" /SUBSYSTEM:WINDOWS /OPT:REF /OPT:ICF /LTCG /TLBID:1 /DYNAMICBASE /NXCOMPAT /IMPLIB:"C:\Users\Brian\Downloads\0_1284865312kT7Z\NtfsDesktopSearch\Release\DesktopSearch.lib" /MACHINE:X86 /SAFESEH Release\DesktopSearch.res
         Release\BasicSearch.obj
         Release\DesktopSearch.obj
         Release\DirBasicInfoMap.obj
         Release\DirFilterList.obj
         Release\ExtArray.obj
         Release\FilterCtrl.obj
         Release\Index.obj
         Release\MemoryMgr.obj
         Release\MemoryPool.obj
         Release\NameSort.obj
         Release\ntfs.obj
         正在生成代码
         已完成代码的生成
         DesktopSearch.vcxproj -> C:\Users\Brian\Downloads\0_1284865312kT7Z\NtfsDesktopSearch\Release\DesktopSearch.exe
     1>已完成生成项目“C:\Users\Brian\Downloads\0_1284865312kT7Z\NtfsDesktopSearch\DesktopSearch.vcxproj”(Build 个目标)的操作。

生成成功。

已用时间 00:00:06.64
